{
  "RSpec": {
    "coverage": {
      "/Users/elisebal/Documents/THP2_Back/thp-2/app/models/lesson.rb": [
        null,
        null,
        null,
        null,
        null,
        null,
        null,
        null,
        null,
        null,
        null,
        1,
        1,
        1,
        null
      ],
      "/Users/elisebal/Documents/THP2_Back/thp-2/app/models/application_record.rb": [
        null,
        null,
        1,
        1,
        null
      ],
      "/Users/elisebal/Documents/THP2_Back/thp-2/app/mailers/application_mailer.rb": [
        null,
        null,
        0,
        0,
        0,
        0
      ],
      "/Users/elisebal/Documents/THP2_Back/thp-2/app/models/post.rb": [
        null,
        null,
        null,
        null,
        null,
        null,
        null,
        null,
        null,
        null,
        null,
        null,
        0,
        0
      ],
      "/Users/elisebal/Documents/THP2_Back/thp-2/app/jobs/application_job.rb": [
        null,
        null,
        0,
        0
      ],
      "/Users/elisebal/Documents/THP2_Back/thp-2/app/controllers/application_controller.rb": [
        null,
        null,
        0,
        0
      ],
      "/Users/elisebal/Documents/THP2_Back/thp-2/app/channels/application_cable/connection.rb": [
        null,
        null,
        0,
        0,
        0,
        0
      ],
      "/Users/elisebal/Documents/THP2_Back/thp-2/app/channels/application_cable/channel.rb": [
        null,
        null,
        0,
        0,
        0,
        0
      ]
    },
    "timestamp": 1531474126
  }
}
